"File: q1.c          Assembler  Version HGASM0202      Page 1


   1  0000              ; Generated by holtek-gcc v3.18, Wed Aug 10 12:35:55 2022
   2  0000              ; 
   3  0000              ; Configuration:
   4  0000              ;       without long instruction
   5  0000              ;       Single ROM, Multi-RAM
   6  0000              ;       bits_per_rom_unit:15
   7  0000              ;       with mp1
   8  0000              ;       with tbhp, address(0x1f)
   9  0000              ;          Use ret-const
  10  0000              ;       
  11  0000              ;       
  12  0000              ;       
  13  0000              ; use 'tabrdc' instead of 'tabrd'
  14  0000              ;       
  15  0000              
  16  0000              #pragma translator "holtek-gcc 4.6.4" "3.18" "build 20130711"
  17  0000              ; Rebuild 126
  18  0000              
  19  0000              ir equ [2]
  20  0000              mp equ [3]
  21  0000              sbp equ [7]
  22  0000              acc equ [5]
  23  0000              bp equ [4]
  24  0000              status equ [10]
  25  0000              c equ [10].0
  26  0000              ac equ [10].1
  27  0000              z equ [10].2
  28  0000              ov equ [10].3
  29  0000              intc equ [11]
  30  0000              
  31  0000              extern ra:byte
  32  0000              extern rb:byte
  33  0000              extern rc:byte
  34  0000              extern rd:byte
  35  0000              extern re:byte
  36  0000              extern rf:byte
  37  0000              extern rg:byte
  38  0000              extern rh:byte
  39  0000              extern _Crom2Prom:near
  40  0000              extern _Crom2PromNext:near
  41  0000              
  42  0000              RAMBANK 0 @HCCINIT, @HCCINIT0
  43  0000              
  44  0000              RAMBANK 0 @BITDATASEC, @BITDATASEC1
  45  0000              @HCCINIT	.section 'data'
  46  0000              @HCCINIT0	.section 'data'
  47  0000              @BITDATASEC	 .section 'data'
  48  0000              @BITDATASEC1	 .section 'data'
  49  0000              
  50  0000              #pragma debug scope 1 1
  51  0000              	extern __DELAY3:near
  52  0000              	extern __DELAYX3:near
  53  0000              	extern __DELAYX6:near
  54  0000              	extern __DELAYY5:near
  55  0000              	extern __DELAYY3:near
  56  0000              	extern _builtin_holtek_delay_2:byte
  57  0000              ___wdtc equ [25]
  58  0000              ___smod equ [11]
  59  0000              ___pbc equ [59]
"File: q1.ASM        Assembler  Version HGASM0202      Page 2

  60  0000              ___pcc equ [62]
  61  0000              ___pc equ [61]
  62  0000              ___pb equ [58]
  63  0000              ___tbc equ [27]
  64  0000              ___ptm0c1 equ [42]
  65  0000              ___ptm0c0 equ [41]
  66  0000              ___intc0 equ [14]
  67  0000              ___intc1 equ [15]
  68  0000              ___mfi0 equ [17]
  69  0000              ___sadc1 equ [35]
  70  0000              ___sadc2 equ [36]
  71  0000              ___sadc0 equ [34]
  72  0000              ___pbsr equ [39]
  73  0000              ___pa equ [20]
  74  0000              ___smod1 equ [28]
  75  0000              public _main
  76  0000              #pragma debug scope 2 1

  12  0000              #line 12 "G:\ALTIUM\q1\q1\q1.c"
  12  0000              IFDEF WITH_DEFAULT_STARTUP
  12  0000              extern _main_initial0:near
  12  0000              extern _main_startup:near
  12  0000              ENDIF
  12  0000              
  12  0000              ROMBANK 0 @start
  12  0000              @start .section com_l 'code'
  12  0000              _main_startup1:
  12  0000              @start .section com_e 'code'
  12  0000  2800     R  	jmp _main
  12  0001              
  12  0000              _main .section 'code'
  12  0000              _main proc
  14  0000              #line 14 "G:\ALTIUM\q1\q1\q1.c"
  14  0000  3519        	clr [25].2
  15  0001              #line 15 "G:\ALTIUM\q1\q1\q1.c"
  15  0001  3099        	set [25].1
  16  0002              #line 16 "G:\ALTIUM\q1\q1\q1.c"
  16  0002  3019        	set [25].0
  19  0003              #line 19 "G:\ALTIUM\q1\q1\q1.c"
  19  0003  3799        	clr [25].7
  20  0004              #line 20 "G:\ALTIUM\q1\q1\q1.c"
  20  0004  3319        	set [25].6
  21  0005              #line 21 "G:\ALTIUM\q1\q1\q1.c"
  21  0005  3699        	clr [25].5
  22  0006              #line 22 "G:\ALTIUM\q1\q1\q1.c"
  22  0006  3219        	set [25].4
  23  0007              #line 23 "G:\ALTIUM\q1\q1\q1.c"
  23  0007  3599        	clr [25].3
  25  0008              #line 25 "G:\ALTIUM\q1\q1\q1.c"
  25  0008  300B        	set [11].0
  28  0009              #line 28 "G:\ALTIUM\q1\q1\q1.c"
  28  0009  303B        	set [59].0
  31  000A              #line 31 "G:\ALTIUM\q1\q1\q1.c"
  31  000A  343E        	clr [62].0
  32  000B              #line 32 "G:\ALTIUM\q1\q1\q1.c"
  32  000B  343D        	clr [61].0
  35  000C              #line 35 "G:\ALTIUM\q1\q1\q1.c"
  35  000C  34BE        	clr [62].1
  36  000D              #line 36 "G:\ALTIUM\q1\q1\q1.c"
  36  000D  34BD        	clr [61].1
"File: q1.c          Assembler  Version HGASM0202      Page 3

  38  000E              #line 38 "G:\ALTIUM\q1\q1\q1.c"
  38  000E  353E        	clr [62].2
  39  000F              #line 39 "G:\ALTIUM\q1\q1\q1.c"
  39  000F  353D        	clr [61].2
  41  0010              #line 41 "G:\ALTIUM\q1\q1\q1.c"
  41  0010  1F00     R  	clr _last_zc[0]
  41  0011  3CBA        	sz [58].1
  41  0012  1480     R  	inc _last_zc[0]
  43  0013              #line 43 "G:\ALTIUM\q1\q1\q1.c"
  43  0013  0F71        	mov a,113
  43  0014  0080     R  	mov _trig[0],a
  43  0015  0F02        	mov a,2
  43  0016  0080     R  	mov _trig[1],a
  44  0017              #line 44 "G:\ALTIUM\q1\q1\q1.c"
  44  0017  0F72        	mov a,114
  44  0018  0080     R  	mov _lastper[0],a
  44  0019  0F02        	mov a,2
  44  001A  0080     R  	mov _lastper[1],a
  45  001B              #line 45 "G:\ALTIUM\q1\q1\q1.c"
  45  001B  1F00     R  	clr _adc_val[0]
  45  001C  1F00     R  	clr _adc_val[1]
  46  001D              #line 46 "G:\ALTIUM\q1\q1\q1.c"
  46  001D  0F08        	mov a,8
  46  001E  0080     R  	mov _cntr[0],a
  49  001F              #line 49 "G:\ALTIUM\q1\q1\q1.c"
  49  001F  331B        	set [27].6
  52  0020              #line 52 "G:\ALTIUM\q1\q1\q1.c"
  52  0020  311B        	set [27].2
  53  0021              #line 53 "G:\ALTIUM\q1\q1\q1.c"
  53  0021  309B        	set [27].1
  54  0022              #line 54 "G:\ALTIUM\q1\q1\q1.c"
  54  0022  301B        	set [27].0
  58  0023              #line 58 "G:\ALTIUM\q1\q1\q1.c"
  58  0023  33AA        	set [42].7
  59  0024              #line 59 "G:\ALTIUM\q1\q1\q1.c"
  59  0024  332A        	set [42].6
  62  0025              #line 62 "G:\ALTIUM\q1\q1\q1.c"
  62  0025  3729        	clr [41].6
  63  0026              #line 63 "G:\ALTIUM\q1\q1\q1.c"
  63  0026  32A9        	set [41].5
  64  0027              #line 64 "G:\ALTIUM\q1\q1\q1.c"
  64  0027  3229        	set [41].4
  66  0028              #line 66 "G:\ALTIUM\q1\q1\q1.c"
  66  0028  302A        	set [42].0
  69  0029              #line 69 "G:\ALTIUM\q1\q1\q1.c"
  69  0029  310E        	set [14].2
  71  002A              #line 71 "G:\ALTIUM\q1\q1\q1.c"
  71  002A  360F        	clr [15].4
  72  002B              #line 72 "G:\ALTIUM\q1\q1\q1.c"
  72  002B  300F        	set [15].0
  74  002C              #line 74 "G:\ALTIUM\q1\q1\q1.c"
  74  002C  3691        	clr [17].5
  75  002D              #line 75 "G:\ALTIUM\q1\q1\q1.c"
  75  002D  3091        	set [17].1
  77  002E              #line 77 "G:\ALTIUM\q1\q1\q1.c"
  77  002E  300E        	set [14].0
  79  002F              #line 79 "G:\ALTIUM\q1\q1\q1.c"
  79  002F  339B        	set [27].7
  83  0030              #line 83 "G:\ALTIUM\q1\q1\q1.c"
  83  0030  3523        	clr [35].2
"File: q1.c          Assembler  Version HGASM0202      Page 4

  84  0031              #line 84 "G:\ALTIUM\q1\q1\q1.c"
  84  0031  30A3        	set [35].1
  85  0032              #line 85 "G:\ALTIUM\q1\q1\q1.c"
  85  0032  3023        	set [35].0
  88  0033              #line 88 "G:\ALTIUM\q1\q1\q1.c"
  88  0033  35A4        	clr [36].3
  89  0034              #line 89 "G:\ALTIUM\q1\q1\q1.c"
  89  0034  3524        	clr [36].2
  90  0035              #line 90 "G:\ALTIUM\q1\q1\q1.c"
  90  0035  34A4        	clr [36].1
  91  0036              #line 91 "G:\ALTIUM\q1\q1\q1.c"
  91  0036  3424        	clr [36].0
  94  0037              #line 94 "G:\ALTIUM\q1\q1\q1.c"
  94  0037  3222        	set [34].4
  97  0038              #line 97 "G:\ALTIUM\q1\q1\q1.c"
  97  0038  0FF8        	mov a,248
  97  0039  06A2        	andm a,[34]
 100  003A              #line 100 "G:\ALTIUM\q1\q1\q1.c"
 100  003A  0700     R  	mov a,_adc_ch1[0]
 100  003B  05A2        	orm a,[34]
 102  003C              #line 102 "G:\ALTIUM\q1\q1\q1.c"
 102  003C  30A7        	set [39].1
 104  003D              #line 104 "G:\ALTIUM\q1\q1\q1.c"
 104  003D  32A2        	set [34].5
 107  003E              #line 107 "G:\ALTIUM\q1\q1\q1.c"
 107  003E  370F        	clr [15].6
 108  003F              #line 108 "G:\ALTIUM\q1\q1\q1.c"
 108  003F  310F        	set [15].2
 111  0040              #line 111 "G:\ALTIUM\q1\q1\q1.c"
 111  0040  37A2        	clr [34].7
 112  0041              #line 112 "G:\ALTIUM\q1\q1\q1.c"
 112  0041  33A2        	set [34].7
 113  0042              #line 113 "G:\ALTIUM\q1\q1\q1.c"
 113  0042  37A2        	clr [34].7
 113  0043              _L7:
 116  0043              #line 116 "G:\ALTIUM\q1\q1\q1.c"
 116  0043  1080     R  	sz _cntr[0]
 116  0044  2800     R  	jmp _L2
 118  0045              #line 118 "G:\ALTIUM\q1\q1\q1.c"
 118  0045  0FFF        	mov a,255
 118  0046  0200     R  	sub a,_adc_val[0]
 118  0047  0F03        	mov a,3
 118  0048  1200     R  	sbc a,_adc_val[1]
 118  0049  380A        	snz c
 118  004A  2800     R  	jmp _L3
 120  004B              #line 120 "G:\ALTIUM\q1\q1\q1.c"
 120  004B  0FAB        	mov a,-85
 120  004C  0080     R  	mov _lastper[0],a
 120  004D  0F03        	mov a,3
 120  004E  0080     R  	mov _lastper[1],a
 121  004F              #line 121 "G:\ALTIUM\q1\q1\q1.c"
 121  004F  3594        	clr [20].3
 121  0050  2800     R  	jmp _L8
 121  0051              _L3:
 124  0051              #line 124 "G:\ALTIUM\q1\q1\q1.c"
 124  0051  0FFF        	mov a,255
 124  0052  0200     R  	sub a,_adc_val[0]
 124  0053  0F07        	mov a,7
 124  0054  1200     R  	sbc a,_adc_val[1]
 124  0055  380A        	snz c
"File: q1.c          Assembler  Version HGASM0202      Page 5

 124  0056  2800     R  	jmp _L4
 126  0057              #line 126 "G:\ALTIUM\q1\q1\q1.c"
 126  0057  0FB1        	mov a,-79
 126  0058  0080     R  	mov _lastper[0],a
 126  0059  0F02        	mov a,2
 126  005A  0080     R  	mov _lastper[1],a
 127  005B              #line 127 "G:\ALTIUM\q1\q1\q1.c"
 127  005B  3194        	set [20].3
 127  005C              _L8:
 128  005C              #line 128 "G:\ALTIUM\q1\q1\q1.c"
 128  005C  3614        	clr [20].4
 128  005D  2800     R  	jmp _L2
 128  005E              _L4:
 130  005E              #line 130 "G:\ALTIUM\q1\q1\q1.c"
 130  005E  0FFF        	mov a,255
 130  005F  0200     R  	sub a,_adc_val[0]
 130  0060  0F0B        	mov a,11
 130  0061  1200     R  	sbc a,_adc_val[1]
 130  0062  380A        	snz c
 130  0063  2800     R  	jmp _L5
 132  0064              #line 132 "G:\ALTIUM\q1\q1\q1.c"
 132  0064  0FB7        	mov a,-73
 132  0065  0080     R  	mov _lastper[0],a
 132  0066  0F01        	mov a,1
 132  0067  0080     R  	mov _lastper[1],a
 133  0068              #line 133 "G:\ALTIUM\q1\q1\q1.c"
 133  0068  3594        	clr [20].3
 133  0069  2800     R  	jmp _L9
 133  006A              _L5:
 138  006A              #line 138 "G:\ALTIUM\q1\q1\q1.c"
 138  006A  0FBD        	mov a,-67
 138  006B  0080     R  	mov _lastper[0],a
 138  006C  1F00     R  	clr _lastper[1]
 139  006D              #line 139 "G:\ALTIUM\q1\q1\q1.c"
 139  006D  3194        	set [20].3
 139  006E              _L9:
 140  006E              #line 140 "G:\ALTIUM\q1\q1\q1.c"
 140  006E  3214        	set [20].4
 140  006F              _L2:
 144  006F              #line 144 "G:\ALTIUM\q1\q1\q1.c"
 144  006F  3F22        	sz [34].6
 144  0070  2800     R  	jmp _L6
 147  0071              #line 147 "G:\ALTIUM\q1\q1\q1.c"
 147  0071  37A2        	clr [34].7
 148  0072              #line 148 "G:\ALTIUM\q1\q1\q1.c"
 148  0072  33A2        	set [34].7
 149  0073              #line 149 "G:\ALTIUM\q1\q1\q1.c"
 149  0073  37A2        	clr [34].7
 149  0074              _L6:
 152  0074              #line 152 "G:\ALTIUM\q1\q1\q1.c"
 152  0074  341C        	clr [28].0
 153  0075              #line 153 "G:\ALTIUM\q1\q1\q1.c"
 153  0075  2800     R  	jmp _L7
 153  0076  2800     R  	jmp $
 153  0077              _main endp
 153  0077              
 153  0077              @dummy endp
 153  0077              
 153  0077              #line 153 "G:\ALTIUM\q1\q1\q1.c"
 153  0077              #pragma debug scope 1 1
"File: q1.c          Assembler  Version HGASM0202      Page 6

 153  0077              ___ptm0al equ [45]
 153  0077              ___ptm0ah equ [46]
 153  0077              public _TB0_ISR
 153  0077              #pragma debug scope 3 1
 158  0077              #line 158 "G:\ALTIUM\q1\q1\q1.c"
 158  0000              @TB0_ISR_code .section at 8 'code'
 158  0000  0080     E  	mov r1,a
 158  0001  070A        	mov a,status
 158  0002  0080     E  	mov r2,a
 158  0003  2800     R  	jmp _TB0_ISR
 158  0004              #pragma debug scope 1 1
 158  0004              @dummy8 endp
 158  0004              #pragma debug scope 4 1
 158  0000              _TB0_ISR .section 'code'
 158  0000              _TB0_ISR proc
 160  0000              #line 160 "G:\ALTIUM\q1\q1\q1.c"
 160  0000  1F00     E  	clr rd
 160  0001  3CBA        	sz [58].1
 160  0002  1480     E  	inc rd
 160  0003  1F00     E  	clr re
 160  0004  0700     R  	mov a,_last_zc[0]
 160  0005  0080     E  	mov rb,a
 160  0006  1F00     E  	clr rc
 160  0007  0700     E  	mov a,rd
 160  0008  0400     E  	xor a,rb
 160  0009  0700     E  	mov a,re
 160  000A  3D0A        	sz z
 160  000B  0400     E  	xor a,rc
 160  000C  3D0A        	sz z
 160  000D  2800     R  	jmp _L11
 162  000E              #line 162 "G:\ALTIUM\q1\q1\q1.c"
 162  000E  368E        	clr [14].5
 163  000F              #line 163 "G:\ALTIUM\q1\q1\q1.c"
 163  000F  1F00     R  	clr _last_zc[0]
 163  0010  3CBA        	sz [58].1
 163  0011  1480     R  	inc _last_zc[0]
 164  0012              #line 164 "G:\ALTIUM\q1\q1\q1.c"
 164  0012  0700     R  	mov a,_lastper[0]
 164  0013  0200     R  	sub a,_trig[0]
 164  0014  0700     R  	mov a,_lastper[1]
 164  0015  1200     R  	sbc a,_trig[1]
 164  0016  3C0A        	sz c
 164  0017  2800     R  	jmp _L13
 164  0018  38BA        	snz [58].1
 164  0019  2800     R  	jmp _L13
 165  001A              #line 165 "G:\ALTIUM\q1\q1\q1.c"
 165  001A  0FF6        	mov a,246
 165  001B  0380     R  	addm a,_trig[0]
 165  001C  0FFF        	mov a,255
 165  001D  1380     R  	adcm a,_trig[1]
 165  001E  2800     R  	jmp _L14
 165  001F              _L13:
 167  001F              #line 167 "G:\ALTIUM\q1\q1\q1.c"
 167  001F  38BA        	snz [58].1
 167  0020  2800     R  	jmp _L14
 168  0021              #line 168 "G:\ALTIUM\q1\q1\q1.c"
 168  0021  0F0A        	mov a,10
 168  0022  0380     R  	addm a,_trig[0]
 168  0023  0F00        	mov a,0
 168  0024  1380     R  	adcm a,_trig[1]
"File: q1.c          Assembler  Version HGASM0202      Page 7

 168  0025              _L14:
 170  0025              #line 170 "G:\ALTIUM\q1\q1\q1.c"
 170  0025  0700     R  	mov a,_trig[0]
 170  0026  0080     E  	mov rb,a
 170  0027  0700     R  	mov a,_trig[1]
 170  0028  0080     E  	mov rc,a
 170  0029  0700     E  	mov a,rb
 170  002A  00AD        	mov [45],a
 171  002B              #line 171 "G:\ALTIUM\q1\q1\q1.c"
 171  002B  0700     R  	mov a,_trig[0]
 171  002C  0080     E  	mov rb,a
 171  002D  0700     R  	mov a,_trig[1]
 171  002E  0080     E  	mov rc,a
 171  002F  0700     E  	mov a,rc
 171  0030  00AE        	mov [46],a
 173  0031              #line 173 "G:\ALTIUM\q1\q1\q1.c"
 173  0031  31A9        	set [41].3
 173  0032              _L11:
 173  0032  0700     E  	mov a,r2
 173  0033  008A        	mov status,a
 173  0034  0700     E  	mov a,r1
 173  0035  0004        	reti
 173  0036              _TB0_ISR endp
 173  0036              
 173  0036              #line 173 "G:\ALTIUM\q1\q1\q1.c"
 173  0036              #pragma debug scope 1 1
 173  0036              public _Timer_ISR
 173  0036              #pragma debug scope 5 1
 178  0036              #line 178 "G:\ALTIUM\q1\q1\q1.c"
 178  0000              @Timer_ISR_code .section at 16 'code'
 178  0000  0080     E  	mov r1,a
 178  0001  070A        	mov a,status
 178  0002  0080     E  	mov r2,a
 178  0003  2800     R  	jmp _Timer_ISR
 178  0004              #pragma debug scope 1 1
 178  0004              @dummy16 endp
 178  0004              #pragma debug scope 6 1
 178  0000              _Timer_ISR .section 'code'
 178  0000              _Timer_ISR proc
 179  0000              #line 179 "G:\ALTIUM\q1\q1\q1.c"
 179  0000  3C3D        	sz [61].0
 179  0001  2800     R  	jmp _L22
 181  0002              #line 181 "G:\ALTIUM\q1\q1\q1.c"
 181  0002  303D        	set [61].0
 182  0003              #line 182 "G:\ALTIUM\q1\q1\q1.c"
 182  0003  3691        	clr [17].5
 183  0004              #line 183 "G:\ALTIUM\q1\q1\q1.c"
 183  0004  35A9        	clr [41].3
 186  0005              #line 186 "G:\ALTIUM\q1\q1\q1.c"
 186  0005  0F04        	mov a,4
 186  0006  00AD        	mov [45],a
 187  0007              #line 187 "G:\ALTIUM\q1\q1\q1.c"
 187  0007  1F2E        	clr [46]
 189  0008              #line 189 "G:\ALTIUM\q1\q1\q1.c"
 189  0008  31A9        	set [41].3
 189  0009  2800     R  	jmp _L21
 189  000A              _L22:
 193  000A              #line 193 "G:\ALTIUM\q1\q1\q1.c"
 193  000A  343D        	clr [61].0
 194  000B              #line 194 "G:\ALTIUM\q1\q1\q1.c"
"File: q1.c          Assembler  Version HGASM0202      Page 8

 194  000B  3691        	clr [17].5
 195  000C              #line 195 "G:\ALTIUM\q1\q1\q1.c"
 195  000C  35A9        	clr [41].3
 195  000D              _L21:
 195  000D  0700     E  	mov a,r2
 195  000E  008A        	mov status,a
 195  000F  0700     E  	mov a,r1
 195  0010  0004        	reti
 195  0011              _Timer_ISR endp
 195  0011              
 195  0011              #line 195 "G:\ALTIUM\q1\q1\q1.c"
 195  0011              #pragma debug scope 1 1
 195  0011              ___sadoh equ [33]
 195  0011              ___sadol equ [32]
 195  0011              public _ADC_ISR
 195  0011              #pragma debug scope 7 1
 202  0011              #line 202 "G:\ALTIUM\q1\q1\q1.c"
 202  0000              @ADC_ISR_code .section at 24 'code'
 202  0000  0080     E  	mov r1,a
 202  0001  070A        	mov a,status
 202  0002  0080     E  	mov r2,a
 202  0003  2800     R  	jmp _ADC_ISR
 202  0004              #pragma debug scope 1 1
 202  0004              @dummy24 endp
 202  0004              #pragma debug scope 8 1
 202  0000              _ADC_ISR .section 'code'
 202  0000              _ADC_ISR proc
 203  0000              #line 203 "G:\ALTIUM\q1\q1\q1.c"
 203  0000  370F        	clr [15].6
 205  0001              #line 205 "G:\ALTIUM\q1\q1\q1.c"
 205  0001  1080     R  	sz _cntr[0]
 205  0002  2800     R  	jmp _LI1
 205  0003  2800     R  	jmp _L25
 205  0004              _LI1:
 207  0004              #line 207 "G:\ALTIUM\q1\q1\q1.c"
 207  0004  0700     R  	mov a,_i[1]
 207  0005  0080     E  	mov rc,a
 207  0006  0721        	mov a,[33]
 207  0007  0500     R  	or a,_i[0]
 207  0008  0080     E  	mov rb,a
 207  0009  0700     E  	mov a,rb
 207  000A  0080     E  	mov rc,a
 207  000B  1F00     E  	clr rb
 207  000C  0720        	mov a,[32]
 207  000D  0580     E  	orm a,rb
 207  000E  0700     E  	mov a,rb
 207  000F  0380     R  	addm a,_adc_val[0]
 207  0010  0700     E  	mov a,rc
 207  0011  1380     R  	adcm a,_adc_val[1]
 208  0012              #line 208 "G:\ALTIUM\q1\q1\q1.c"
 208  0012  1580     R  	dec _cntr[0]
 208  0013  2800     R  	jmp _L24
 208  0014              _L25:
 212  0014              #line 212 "G:\ALTIUM\q1\q1\q1.c"
 212  0014  0F08        	mov a,8
 212  0015  0080     R  	mov _cntr[0],a
 213  0016              #line 213 "G:\ALTIUM\q1\q1\q1.c"
 213  0016  0F03        	mov a,3
 213  0017              _LI2:
 213  0017  340A        	clr c
"File: q1.c          Assembler  Version HGASM0202      Page 9

 213  0018  1B80     R  	rrc _adc_val[1]
 213  0019  1B80     R  	rrc _adc_val[0]
 213  001A  1785        	sdz acc
 213  001B  2800     R  	jmp _LI2
 213  001C              _L24:
 213  001C  0700     E  	mov a,r2
 213  001D  008A        	mov status,a
 213  001E  0700     E  	mov a,r1
 213  001F  0004        	reti
 213  0020              _ADC_ISR endp
 213  0020              
 213  0020              #line 213 "G:\ALTIUM\q1\q1\q1.c"
 213  0020              #pragma debug scope 1 1
 213  0000              @HCCINIT0	.section	'data'
 213  0000  0002[       _i	db 2 dup(0)
            00
            ]
 213  0002              #pragma debug variable 12 1 _i "i"
 213  0002              
 213  0000              @HCCINIT .section 'data'
 213  0002              @HCCINIT0	.section	'data'
 213  0002              _cntr	db 0
 213  0003              #pragma debug variable 8 1 _cntr "cntr"
 213  0003              
 213  0000              @HCCINIT .section 'data'
 213  0000              @HCCINIT	.section 'data'
   7  0000              #line 7 "G:\ALTIUM\q1\q1\q1.c"
   7  0000              @HCCINIT .section 'data'
   7  0000              _adc_ch1 label byte
   7  0000              #pragma debug variable 8 1 _adc_ch1 "adc_ch1"
   7  0000              	db 1
   7  0000              @ROMDATA_BASE .section inpage 'code'
   7  0000  0901        	ret a,1
   7  0001              @HCCINIT .section 'data'
   7  0003              @HCCINIT0	.section	'data'
   7  0003  0002[       _lastper	db 2 dup(0)
            00
            ]
   7  0005              #pragma debug variable 12 1 _lastper "lastper"
   7  0005              
   7  0001              @HCCINIT .section 'data'
   7  0005              @HCCINIT0	.section	'data'
   7  0005  0002[       _trig	db 2 dup(0)
            00
            ]
   7  0007              #pragma debug variable 12 1 _trig "trig"
   7  0007              
   7  0001              @HCCINIT .section 'data'
   7  0007              @HCCINIT0	.section	'data'
   7  0007              _last_zc	db 0
   7  0008              #pragma debug variable 8 1 _last_zc "last_zc"
   7  0008              
   7  0001              @HCCINIT .section 'data'
   7  0008              @HCCINIT0	.section	'data'
   7  0008  0002[       _adc_val	db 2 dup(0)
            00
            ]
   7  000A              #pragma debug variable 12 1 _adc_val "adc_val"
   7  000A              
   7  0001              @HCCINIT .section 'data'
"File: q1.c          Assembler  Version HGASM0202      Page 10

   7  0001              #pragma debug struct_end
   7  0001              #pragma debug struct_end
   7  0001              #pragma debug union_end
   7  0001              #pragma debug union_end
   7  0001              #pragma debug variable 43 1 ___smod "__smod" 1
   7  0001              #pragma debug struct_end
   7  0001              #pragma debug struct_end
   7  0001              #pragma debug union_end
   7  0001              #pragma debug union_end
   7  0001              #pragma debug variable 45 1 ___intc0 "__intc0" 1
   7  0001              #pragma debug struct_end
   7  0001              #pragma debug struct_end
   7  0001              #pragma debug union_end
   7  0001              #pragma debug union_end
   7  0001              #pragma debug variable 47 1 ___intc1 "__intc1" 1
   7  0001              #pragma debug struct_end
   7  0001              #pragma debug struct_end
   7  0001              #pragma debug union_end
   7  0001              #pragma debug union_end
   7  0001              #pragma debug variable 49 1 ___mfi0 "__mfi0" 1
   7  0001              #pragma debug struct_end
   7  0001              #pragma debug struct_end
   7  0001              #pragma debug union_end
   7  0001              #pragma debug union_end
   7  0001              #pragma debug variable 51 1 ___pa "__pa" 1
   7  0001              #pragma debug struct_end
   7  0001              #pragma debug struct_end
   7  0001              #pragma debug union_end
   7  0001              #pragma debug union_end
   7  0001              #pragma debug variable 53 1 ___wdtc "__wdtc" 1
   7  0001              #pragma debug struct_end
   7  0001              #pragma debug struct_end
   7  0001              #pragma debug union_end
   7  0001              #pragma debug union_end
   7  0001              #pragma debug variable 55 1 ___tbc "__tbc" 1
   7  0001              #pragma debug struct_end
   7  0001              #pragma debug struct_end
   7  0001              #pragma debug union_end
   7  0001              #pragma debug union_end
   7  0001              #pragma debug variable 57 1 ___smod1 "__smod1" 1
   7  0001              #pragma debug variable 8 1 ___sadol "__sadol" 1
   7  0001              #pragma debug variable 8 1 ___sadoh "__sadoh" 1
   7  0001              #pragma debug struct_end
   7  0001              #pragma debug struct_end
   7  0001              #pragma debug union_end
   7  0001              #pragma debug union_end
   7  0001              #pragma debug variable 59 1 ___sadc0 "__sadc0" 1
   7  0001              #pragma debug struct_end
   7  0001              #pragma debug struct_end
   7  0001              #pragma debug union_end
   7  0001              #pragma debug union_end
   7  0001              #pragma debug variable 61 1 ___sadc1 "__sadc1" 1
   7  0001              #pragma debug struct_end
   7  0001              #pragma debug struct_end
   7  0001              #pragma debug union_end
   7  0001              #pragma debug union_end
   7  0001              #pragma debug variable 63 1 ___sadc2 "__sadc2" 1
   7  0001              #pragma debug struct_end
   7  0001              #pragma debug struct_end
   7  0001              #pragma debug union_end
"File: q1.c          Assembler  Version HGASM0202      Page 11

   7  0001              #pragma debug union_end
   7  0001              #pragma debug variable 65 1 ___pbsr "__pbsr" 1
   7  0001              #pragma debug struct_end
   7  0001              #pragma debug struct_end
   7  0001              #pragma debug union_end
   7  0001              #pragma debug union_end
   7  0001              #pragma debug variable 67 1 ___ptm0c0 "__ptm0c0" 1
   7  0001              #pragma debug struct_end
   7  0001              #pragma debug struct_end
   7  0001              #pragma debug union_end
   7  0001              #pragma debug union_end
   7  0001              #pragma debug variable 69 1 ___ptm0c1 "__ptm0c1" 1
   7  0001              #pragma debug variable 8 1 ___ptm0al "__ptm0al" 1
   7  0001              #pragma debug variable 8 1 ___ptm0ah "__ptm0ah" 1
   7  0001              #pragma debug struct_end
   7  0001              #pragma debug struct_end
   7  0001              #pragma debug union_end
   7  0001              #pragma debug union_end
   7  0001              #pragma debug variable 71 1 ___pb "__pb" 1
   7  0001              #pragma debug struct_end
   7  0001              #pragma debug struct_end
   7  0001              #pragma debug union_end
   7  0001              #pragma debug union_end
   7  0001              #pragma debug variable 73 1 ___pbc "__pbc" 1
   7  0001              #pragma debug struct_end
   7  0001              #pragma debug struct_end
   7  0001              #pragma debug union_end
   7  0001              #pragma debug union_end
   7  0001              #pragma debug variable 75 1 ___pc "__pc" 1
   7  0001              #pragma debug struct_end
   7  0001              #pragma debug struct_end
   7  0001              #pragma debug union_end
   7  0001              #pragma debug union_end
   7  0001              #pragma debug variable 77 1 ___pcc "__pcc" 1
   7  0001              extern r1:byte
   7  0001              extern r2:byte
  12  0001              #line 12 "G:\ALTIUM\q1\q1\q1.c"
  12  0000              @code .section at 0 'code'
  12  0000  2800     R  	jmp _main_startup1
  12  0001              
  12  0001              
  12  0001              ; 
  12  0001              ; Generated by holtek-gcc v3.18, Wed Aug 10 12:35:55 2022
  12  0001              ; Rebuild 126
  12  0001              ; end of file


        0 Errors, 0